   Compiling view v0.1.0 (C:\Users\ViitoJooj\Documents\clown-crm\view)
error: expected identifier
   --> src\components\common\app_layout.rs:178:43
    |
178 | ...                   let user_uuid = other_user.uuid.clone();
    |                                     ^

warning: unused import: `chat_header::ChatHeader`
 --> src\components\chat\mod.rs:7:9
  |
7 | pub use chat_header::ChatHeader;
  |         ^^^^^^^^^^^^^^^^^^^^^^^
  |
  = note: `#[warn(unused_imports)]` (part of `#[warn(unused)]`) on by default

warning: unused import: `message_bubble::MessageBubble`
 --> src\components\chat\mod.rs:8:9
  |
8 | pub use message_bubble::MessageBubble;
  |         ^^^^^^^^^^^^^^^^^^^^^^^^^^^^^

warning: unused import: `message_input::MessageInput`
 --> src\components\chat\mod.rs:9:9
  |
9 | pub use message_input::MessageInput;
  |         ^^^^^^^^^^^^^^^^^^^^^^^^^^^

warning: unused import: `sidebar::*`
 --> src\components\navigation\mod.rs:3:9
  |
3 | pub use sidebar::*;
  |         ^^^^^^^^^^

warning: unused import: `common::*`
 --> src\components\mod.rs:8:9
  |
8 | pub use common::*;
  |         ^^^^^^^^^

warning: unused import: `chrono::Utc`
 --> src\models\user.rs:1:5
  |
1 | use chrono::Utc;
  |     ^^^^^^^^^^^

warning: unused import: `use_auth`
 --> src\pages\login.rs:6:20
  |
6 | use crate::hooks::{use_auth, set_authenticated_user, AuthState, Signal};
  |                    ^^^^^^^^

warning: unused import: `register::*`
 --> src\pages\mod.rs:5:9
  |
5 | pub use register::*;
  |         ^^^^^^^^^^^

warning: unused import: `theme::*`
 --> src\styles\mod.rs:3:9
  |
3 | pub use theme::*;
  |         ^^^^^^^^

warning: unused import: `api_client::*`
 --> src\utils\mod.rs:4:9
  |
4 | pub use api_client::*;
  |         ^^^^^^^^^^^^^

warning: unused import: `storage::*`
 --> src\utils\mod.rs:5:9
  |
5 | pub use storage::*;
  |         ^^^^^^^^^^

warning: unused variable: `hover_style`
  --> src\components\common\mod.rs:43:9
   |
43 |     let hover_style = if !disabled {
   |         ^^^^^^^^^^^ help: if this is intentional, prefix it with an underscore: `_hover_style`
   |
   = note: `#[warn(unused_variables)]` (part of `#[warn(unused)]`) on by default

warning: `view` (bin "view") generated 12 warnings
error: could not compile `view` (bin "view") due to 1 previous error; 12 warnings emitted
